<?xml version="1.0" encoding="UTF-8" ?>
<testsuite errors="1" failures="1" name="org.iris.client.settings.TestSettingsFascade" tests="3" time="0.422">
  <properties>
[...]
</properties>
  <testcase name="testgetIrisclientSettings" time="0.375">
    <error type="java.lang.NullPointerException">java.lang.NullPointerException
	at org.iris.client.settings.TestSettingsFascade.testgetIrisclientSettings(TestSettingsFascade.java:97)
	at sun.reflect.NativeMethodAccessorImpl.invoke0(Native Method)
	at sun.reflect.NativeMethodAccessorImpl.invoke(NativeMethodAccessorImpl.java:39)
	at sun.reflect.DelegatingMethodAccessorImpl.invoke(DelegatingMethodAccessorImpl.java:25)
	at org.apache.commons.jelly.tags.ant.AntTag.doTag(AntTag.java:232)
	at org.apache.commons.jelly.impl.TagScript.run(TagScript.java:279)
	at org.apache.commons.jelly.impl.ScriptBlock.run(ScriptBlock.java:135)
	at org.apache.commons.jelly.TagSupport.invokeBody(TagSupport.java:233)
	at org.apache.commons.jelly.tags.core.IfTag.doTag(IfTag.java:88)
	at org.apache.commons.jelly.impl.TagScript.run(TagScript.java:279)
	at org.apache.commons.jelly.impl.ScriptBlock.run(ScriptBlock.java:135)
	at org.apache.maven.jelly.tags.werkz.MavenGoalTag.runBodyTag(MavenGoalTag.java:79)
	at org.apache.maven.jelly.tags.werkz.MavenGoalTag$MavenGoalAction.performAction(MavenGoalTag.java:110)
	at com.werken.werkz.Goal.fire(Goal.java:639)
	at com.werken.werkz.Goal.attain(Goal.java:575)
	at com.werken.werkz.Goal.attainPrecursors(Goal.java:488)
	at com.werken.werkz.Goal.attain(Goal.java:573)
	at com.werken.werkz.Goal.attainPrecursors(Goal.java:488)
	at com.werken.werkz.Goal.attain(Goal.java:573)
	at com.werken.werkz.WerkzProject.attainGoal(WerkzProject.java:193)
	at org.apache.maven.jelly.tags.werkz.MavenAttainGoalTag.doTag(MavenAttainGoalTag.java:127)
	at org.apache.commons.jelly.impl.TagScript.run(TagScript.java:279)
	at org.apache.commons.jelly.impl.ScriptBlock.run(ScriptBlock.java:135)
	at org.apache.maven.jelly.tags.werkz.MavenGoalTag.runBodyTag(MavenGoalTag.java:79)
	at org.apache.maven.jelly.tags.werkz.MavenGoalTag$MavenGoalAction.performAction(MavenGoalTag.java:110)
	at com.werken.werkz.Goal.fire(Goal.java:639)
	at com.werken.werkz.Goal.attain(Goal.java:575)
	at com.werken.werkz.WerkzProject.attainGoal(WerkzProject.java:193)
	at org.apache.maven.plugin.PluginManager.attainGoals(PluginManager.java:634)
	at org.apache.maven.MavenSession.attainGoals(MavenSession.java:266)
	at org.apache.maven.jelly.tags.maven.ReactorTag.doTag(ReactorTag.java:342)
	at org.apache.commons.jelly.impl.TagScript.run(TagScript.java:279)
	at org.apache.commons.jelly.impl.ScriptBlock.run(ScriptBlock.java:135)
	at org.apache.maven.jelly.tags.werkz.MavenGoalTag.runBodyTag(MavenGoalTag.java:79)
	at org.apache.maven.jelly.tags.werkz.MavenGoalTag$MavenGoalAction.performAction(MavenGoalTag.java:110)
	at com.werken.werkz.Goal.fire(Goal.java:639)
	at com.werken.werkz.Goal.attain(Goal.java:575)
	at com.werken.werkz.WerkzProject.attainGoal(WerkzProject.java:193)
	at org.apache.maven.plugin.PluginManager.attainGoals(PluginManager.java:634)
	at org.apache.maven.MavenSession.attainGoals(MavenSession.java:266)
	at org.apache.maven.cli.App.doMain(App.java:486)
	at org.apache.maven.cli.App.main(App.java:1215)
	at sun.reflect.NativeMethodAccessorImpl.invoke0(Native Method)
	at sun.reflect.NativeMethodAccessorImpl.invoke(NativeMethodAccessorImpl.java:39)
	at sun.reflect.DelegatingMethodAccessorImpl.invoke(DelegatingMethodAccessorImpl.java:25)
	at com.werken.forehead.Forehead.run(Forehead.java:551)
	at com.werken.forehead.Forehead.main(Forehead.java:581)
</error>
  </testcase>
  <testcase name="testgetIrisclientSettingsAsString" time="0.032"></testcase>
  <testcase name="teststoreIrisclientSettings" time="0.0">
    <failure type="junit.framework.AssertionFailedError">junit.framework.AssertionFailedError
	at org.iris.client.settings.TestSettingsFascade.teststoreIrisclientSettings(TestSettingsFascade.java:130)
	at sun.reflect.NativeMethodAccessorImpl.invoke0(Native Method)
	at sun.reflect.NativeMethodAccessorImpl.invoke(NativeMethodAccessorImpl.java:39)
	at sun.reflect.DelegatingMethodAccessorImpl.invoke(DelegatingMethodAccessorImpl.java:25)
	at org.apache.commons.jelly.tags.ant.AntTag.doTag(AntTag.java:232)
	at org.apache.commons.jelly.impl.TagScript.run(TagScript.java:279)
	at org.apache.commons.jelly.impl.ScriptBlock.run(ScriptBlock.java:135)
	at org.apache.commons.jelly.TagSupport.invokeBody(TagSupport.java:233)
	at org.apache.commons.jelly.tags.core.IfTag.doTag(IfTag.java:88)
	at org.apache.commons.jelly.impl.TagScript.run(TagScript.java:279)
	at org.apache.commons.jelly.impl.ScriptBlock.run(ScriptBlock.java:135)
	at org.apache.maven.jelly.tags.werkz.MavenGoalTag.runBodyTag(MavenGoalTag.java:79)
	at org.apache.maven.jelly.tags.werkz.MavenGoalTag$MavenGoalAction.performAction(MavenGoalTag.java:110)
	at com.werken.werkz.Goal.fire(Goal.java:639)
	at com.werken.werkz.Goal.attain(Goal.java:575)
	at com.werken.werkz.Goal.attainPrecursors(Goal.java:488)
	at com.werken.werkz.Goal.attain(Goal.java:573)
	at com.werken.werkz.Goal.attainPrecursors(Goal.java:488)
	at com.werken.werkz.Goal.attain(Goal.java:573)
	at com.werken.werkz.WerkzProject.attainGoal(WerkzProject.java:193)
	at org.apache.maven.jelly.tags.werkz.MavenAttainGoalTag.doTag(MavenAttainGoalTag.java:127)
	at org.apache.commons.jelly.impl.TagScript.run(TagScript.java:279)
	at org.apache.commons.jelly.impl.ScriptBlock.run(ScriptBlock.java:135)
	at org.apache.maven.jelly.tags.werkz.MavenGoalTag.runBodyTag(MavenGoalTag.java:79)
	at org.apache.maven.jelly.tags.werkz.MavenGoalTag$MavenGoalAction.performAction(MavenGoalTag.java:110)
	at com.werken.werkz.Goal.fire(Goal.java:639)
	at com.werken.werkz.Goal.attain(Goal.java:575)
	at com.werken.werkz.WerkzProject.attainGoal(WerkzProject.java:193)
	at org.apache.maven.plugin.PluginManager.attainGoals(PluginManager.java:634)
	at org.apache.maven.MavenSession.attainGoals(MavenSession.java:266)
	at org.apache.maven.jelly.tags.maven.ReactorTag.doTag(ReactorTag.java:342)
	at org.apache.commons.jelly.impl.TagScript.run(TagScript.java:279)
	at org.apache.commons.jelly.impl.ScriptBlock.run(ScriptBlock.java:135)
	at org.apache.maven.jelly.tags.werkz.MavenGoalTag.runBodyTag(MavenGoalTag.java:79)
	at org.apache.maven.jelly.tags.werkz.MavenGoalTag$MavenGoalAction.performAction(MavenGoalTag.java:110)
	at com.werken.werkz.Goal.fire(Goal.java:639)
	at com.werken.werkz.Goal.attain(Goal.java:575)
	at com.werken.werkz.WerkzProject.attainGoal(WerkzProject.java:193)
	at org.apache.maven.plugin.PluginManager.attainGoals(PluginManager.java:634)
	at org.apache.maven.MavenSession.attainGoals(MavenSession.java:266)
	at org.apache.maven.cli.App.doMain(App.java:486)
	at org.apache.maven.cli.App.main(App.java:1215)
	at sun.reflect.NativeMethodAccessorImpl.invoke0(Native Method)
	at sun.reflect.NativeMethodAccessorImpl.invoke(NativeMethodAccessorImpl.java:39)
	at sun.reflect.DelegatingMethodAccessorImpl.invoke(DelegatingMethodAccessorImpl.java:25)
	at com.werken.forehead.Forehead.run(Forehead.java:551)
	at com.werken.forehead.Forehead.main(Forehead.java:581)
</failure>
  </testcase>
  <system-out><![CDATA[]]></system-out>
  <system-err><![CDATA[]]></system-err>
</testsuite>
